
NEW RUN 
--------


DEBUG: enumInput in py:
{'shared': {'busEntities': {'sup1': {'loc': 'Fairfax'}, 'sup2': {'loc': 'LA'}, 'transp1': {'loc': 'Seattle'}, 'transp2': {'loc': 'Baltimore'}, 'manuf1': {'loc': 'NYC'}, 'manuf2': {'loc': 'NYC'}}, 'items': {'mat1': {'weight': 1}, 'mat2': {'weight': 2}, 'part1': {'weight': 7}, 'part2': {'weight': 6}, 'prod1': {'weight': 8}, 'prod2': {'weight': 9}}}, 'rootService': 'combinedSupply', 'services': {'combinedSupply': {'type': 'composite', 'inFlow': {}, 'outFlow': {'mat1_sup1': {'lb': 0, 'item': 'mat1'}, 'mat2_sup1': {'lb': 0, 'item': 'mat2'}, 'mat1_sup2': {'lb': 0, 'item': 'mat1'}, 'mat2_sup2': {'lb': 0, 'item': 'mat2'}}, 'subServices': ['sup1', 'sup2']}, 'sup1': {'type': 'supplier', 'inFlow': {}, 'outFlow': {'mat1_sup1': {'qty': {'dgalType': 'int?', 'index': 0}, 'lb': 0, 'ppu': 5, 'item': 'mat1'}, 'mat2_sup1': {'qty': {'dgalType': 'int?', 'index': 1}, 'lb': 0, 'ppu': 4, 'item': 'mat2'}}}, 'sup2': {'type': 'supplier', 'inFlow': {}, 'outFlow': {'mat1_sup2': {'qty': {'dgalType': 'int?', 'index': 2}, 'lb': 0, 'ppu': 2, 'item': 'mat1'}, 'mat2_sup2': {'qty': {'dgalType': 'int?', 'index': 3}, 'lb': 0, 'ppu': 3, 'item': 'mat2'}}}}}

DEBUG: enumInputAndCounts_before_create_Pyomo_model:
{'enumInput': {'shared': {'busEntities': {'sup1': {'loc': 'Fairfax'}, 'sup2': {'loc': 'LA'}, 'transp1': {'loc': 'Seattle'}, 'transp2': {'loc': 'Baltimore'}, 'manuf1': {'loc': 'NYC'}, 'manuf2': {'loc': 'NYC'}}, 'items': {'mat1': {'weight': 1}, 'mat2': {'weight': 2}, 'part1': {'weight': 7}, 'part2': {'weight': 6}, 'prod1': {'weight': 8}, 'prod2': {'weight': 9}}}, 'rootService': 'combinedSupply', 'services': {'combinedSupply': {'type': 'composite', 'inFlow': {}, 'outFlow': {'mat1_sup1': {'lb': 0, 'item': 'mat1'}, 'mat2_sup1': {'lb': 0, 'item': 'mat2'}, 'mat1_sup2': {'lb': 0, 'item': 'mat1'}, 'mat2_sup2': {'lb': 0, 'item': 'mat2'}}, 'subServices': ['sup1', 'sup2']}, 'sup1': {'type': 'supplier', 'inFlow': {}, 'outFlow': {'mat1_sup1': {'qty': {'dgalType': 'int?', 'index': 0}, 'lb': 0, 'ppu': 5, 'item': 'mat1'}, 'mat2_sup1': {'qty': {'dgalType': 'int?', 'index': 1}, 'lb': 0, 'ppu': 4, 'item': 'mat2'}}}, 'sup2': {'type': 'supplier', 'inFlow': {}, 'outFlow': {'mat1_sup2': {'qty': {'dgalType': 'int?', 'index': 2}, 'lb': 0, 'ppu': 2, 'item': 'mat1'}, 'mat2_sup2': {'qty': {'dgalType': 'int?', 'index': 3}, 'lb': 0, 'ppu': 3, 'item': 'mat2'}}}}}, 'counts': {'real?': -1, 'int?': 3}}

DEBUG: input w Pyomo vars:
{'shared': {'busEntities': {'sup1': {'loc': 'Fairfax'}, 'sup2': {'loc': 'LA'}, 'transp1': {'loc': 'Seattle'}, 'transp2': {'loc': 'Baltimore'}, 'manuf1': {'loc': 'NYC'}, 'manuf2': {'loc': 'NYC'}}, 'items': {'mat1': {'weight': 1}, 'mat2': {'weight': 2}, 'part1': {'weight': 7}, 'part2': {'weight': 6}, 'prod1': {'weight': 8}, 'prod2': {'weight': 9}}}, 'rootService': 'combinedSupply', 'services': {'combinedSupply': {'type': 'composite', 'inFlow': {}, 'outFlow': {'mat1_sup1': {'lb': 0, 'item': 'mat1'}, 'mat2_sup1': {'lb': 0, 'item': 'mat2'}, 'mat1_sup2': {'lb': 0, 'item': 'mat1'}, 'mat2_sup2': {'lb': 0, 'item': 'mat2'}}, 'subServices': ['sup1', 'sup2']}, 'sup1': {'type': 'supplier', 'inFlow': {}, 'outFlow': {'mat1_sup1': {'qty': <pyomo.core.base.var._GeneralVarData object at 0x000002407180D7F0>, 'lb': 0, 'ppu': 5, 'item': 'mat1'}, 'mat2_sup1': {'qty': <pyomo.core.base.var._GeneralVarData object at 0x000002407180DDA0>, 'lb': 0, 'ppu': 4, 'item': 'mat2'}}}, 'sup2': {'type': 'supplier', 'inFlow': {}, 'outFlow': {'mat1_sup2': {'qty': <pyomo.core.base.var._GeneralVarData object at 0x000002407180DE10>, 'lb': 0, 'ppu': 2, 'item': 'mat1'}, 'mat2_sup2': {'qty': <pyomo.core.base.var._GeneralVarData object at 0x000002407180D8D0>, 'lb': 0, 'ppu': 3, 'item': 'mat2'}}}}}

DEBUG: output of dgalModel:
{'cost': <pyomo.core.expr.numeric_expr.LinearExpression object at 0x00000240717F3850>, 'constraints': [<pyomo.core.expr.relational_expr.InequalityExpression object at 0x00000240717B2890>, <pyomo.core.expr.relational_expr.InequalityExpression object at 0x0000024070DE9480>], 'rootService': 'combinedSupply', 'services': {'combinedSupply': {'type': 'composite', 'cost': <pyomo.core.expr.numeric_expr.LinearExpression object at 0x00000240717F3850>, 'constraints': [<pyomo.core.expr.relational_expr.InequalityExpression object at 0x00000240717B2890>, <pyomo.core.expr.relational_expr.InequalityExpression object at 0x0000024070DE9480>], 'inFlow': {}, 'outFlow': defaultdict(<function combinedSupply.<locals>.<lambda> at 0x000002406E883D80>, {'mat1_sup1': {'qty': <pyomo.core.base.var._GeneralVarData object at 0x000002407180D7F0>, 'item': 'mat1'}, 'mat2_sup1': {'qty': <pyomo.core.base.var._GeneralVarData object at 0x000002407180DDA0>, 'item': 'mat2'}, 'mat1_sup2': {'qty': <pyomo.core.base.var._GeneralVarData object at 0x000002407180DE10>, 'item': 'mat1'}, 'mat2_sup2': {'qty': <pyomo.core.base.var._GeneralVarData object at 0x000002407180D8D0>, 'item': 'mat2'}}), 'subServices': ['sup1', 'sup2'], 'debug': {'flowKeys': ['mat1_sup1', 'mat2_sup1', 'mat1_sup2', 'mat2_sup2'], 'subServiceMetrics': {'sup1': {'type': 'supplier', 'cost': <pyomo.core.expr.numeric_expr.LinearExpression object at 0x0000024070D87D00>, 'constraints': True, 'inFlow': {}, 'outFlow': {'mat1_sup1': {'qty': <pyomo.core.base.var._GeneralVarData object at 0x000002407180D7F0>, 'lb': 0, 'ppu': 5, 'item': 'mat1'}, 'mat2_sup1': {'qty': <pyomo.core.base.var._GeneralVarData object at 0x000002407180DDA0>, 'lb': 0, 'ppu': 4, 'item': 'mat2'}}}, 'sup2': {'type': 'supplier', 'cost': <pyomo.core.expr.numeric_expr.LinearExpression object at 0x00000240717F38E0>, 'constraints': True, 'inFlow': {}, 'outFlow': {'mat1_sup2': {'qty': <pyomo.core.base.var._GeneralVarData object at 0x000002407180DE10>, 'lb': 0, 'ppu': 2, 'item': 'mat1'}, 'mat2_sup2': {'qty': <pyomo.core.base.var._GeneralVarData object at 0x000002407180D8D0>, 'lb': 0, 'ppu': 3, 'item': 'mat2'}}}}, 'subServicesFlowSupply': {'mat1_sup1': <pyomo.core.base.var._GeneralVarData object at 0x000002407180D7F0>, 'mat2_sup1': <pyomo.core.base.var._GeneralVarData object at 0x000002407180DDA0>, 'mat1_sup2': <pyomo.core.base.var._GeneralVarData object at 0x000002407180DE10>, 'mat2_sup2': <pyomo.core.base.var._GeneralVarData object at 0x000002407180D8D0>}, 'subServicesFlowDemand': {'mat1_sup1': 0, 'mat2_sup1': 0, 'mat1_sup2': 0, 'mat2_sup2': 0}, 'inFlowKeys': [], 'outFlowKeys': ['mat1_sup1', 'mat2_sup1', 'mat1_sup2', 'mat2_sup2'], 'internalFlowKeys': None, 'internalSupplySatisfiesDemand': True, 'inFlowConstraints': True, 'outFlowConstraints': True, 'subServiceConstraints': True}}, 'sup1': {'type': 'supplier', 'cost': <pyomo.core.expr.numeric_expr.LinearExpression object at 0x0000024070D87D00>, 'constraints': True, 'inFlow': {}, 'outFlow': {'mat1_sup1': {'qty': <pyomo.core.base.var._GeneralVarData object at 0x000002407180D7F0>, 'lb': 0, 'ppu': 5, 'item': 'mat1'}, 'mat2_sup1': {'qty': <pyomo.core.base.var._GeneralVarData object at 0x000002407180DDA0>, 'lb': 0, 'ppu': 4, 'item': 'mat2'}}}, 'sup2': {'type': 'supplier', 'cost': <pyomo.core.expr.numeric_expr.LinearExpression object at 0x00000240717F38E0>, 'constraints': True, 'inFlow': {}, 'outFlow': {'mat1_sup2': {'qty': <pyomo.core.base.var._GeneralVarData object at 0x000002407180DE10>, 'lb': 0, 'ppu': 2, 'item': 'mat1'}, 'mat2_sup2': {'qty': <pyomo.core.base.var._GeneralVarData object at 0x000002407180D8D0>, 'lb': 0, 'ppu': 3, 'item': 'mat2'}}}}}

DEBUG: pyomoModel before return:
unknown

DEBUG: enumInput before solving:
{"shared": {"busEntities": {"sup1": {"loc": "Fairfax"}, "sup2": {"loc": "LA"}, "transp1": {"loc": "Seattle"}, "transp2": {"loc": "Baltimore"}, "manuf1": {"loc": "NYC"}, "manuf2": {"loc": "NYC"}}, "items": {"mat1": {"weight": 1}, "mat2": {"weight": 2}, "part1": {"weight": 7}, "part2": {"weight": 6}, "prod1": {"weight": 8}, "prod2": {"weight": 9}}}, "rootService": "combinedSupply", "services": {"combinedSupply": {"type": "composite", "inFlow": {}, "outFlow": {"mat1_sup1": {"lb": 0, "item": "mat1"}, "mat2_sup1": {"lb": 0, "item": "mat2"}, "mat1_sup2": {"lb": 0, "item": "mat1"}, "mat2_sup2": {"lb": 0, "item": "mat2"}}, "subServices": ["sup1", "sup2"]}, "sup1": {"type": "supplier", "inFlow": {}, "outFlow": {"mat1_sup1": {"qty": {"dgalType": "int?", "index": 0}, "lb": 0, "ppu": 5, "item": "mat1"}, "mat2_sup1": {"qty": {"dgalType": "int?", "index": 1}, "lb": 0, "ppu": 4, "item": "mat2"}}}, "sup2": {"type": "supplier", "inFlow": {}, "outFlow": {"mat1_sup2": {"qty": {"dgalType": "int?", "index": 2}, "lb": 0, "ppu": 2, "item": "mat1"}, "mat2_sup2": {"qty": {"dgalType": "int?", "index": 3}, "lb": 0, "ppu": 3, "item": "mat2"}}}}}

DEBUG: solver::
glpk

DEBUG: model after solve::
unknown

DEBUG: pyomo results::

Problem: 
- Name: unknown
  Lower bound: -inf
  Upper bound: inf
  Number of objectives: 1
  Number of constraints: 4
  Number of variables: 4
  Number of nonzeros: 6
  Sense: minimize
Solver: 
- Status: ok
  Termination condition: other
  Statistics: 
    Branch and bound: 
      Number of bounded subproblems: 0
      Number of created subproblems: 0
  Error rc: 0
  Time: 0.05008220672607422


DEBUG: dictPyomoResult read from results file:
{'Problem': [{'Lower bound': -inf, 'Name': 'unknown', 'Number of constraints': 4, 'Number of nonzeros': 6, 'Number of objectives': 1, 'Number of variables': 4, 'Sense': 'minimize', 'Upper bound': inf}], 'Solver': [{'Error rc': 0, 'Statistics': {'Branch and bound': {'Number of bounded subproblems': 0, 'Number of created subproblems': 0}}, 'Status': 'ok', 'Termination condition': 'other', 'Time': 0.05008220672607422}]}